<?xml version="1.0" encoding="UTF-8"?>
<!-- Generated by org.testng.reporters.JUnitReportReporter -->
<testsuite hostname="QT-UK-LT0998" failures="0" tests="2" name="com.qualitest.sjumbe.dropdowntests.DropdownTest" time="5.710" errors="0" timestamp="2022-04-21T17:14:16 BST" skipped="0">
  <testcase classname="com.qualitest.sjumbe.dropdowntests.DropdownTest" name="optionTwoTest" time="2.462"/>
  <system-out/>
  <testcase classname="com.qualitest.sjumbe.dropdowntests.DropdownTest" name="optionTwoTest" time="3.248"/>
  <system-out/>
</testsuite> <!-- com.qualitest.sjumbe.dropdowntests.DropdownTest -->
