<?xml version="1.0" encoding="UTF-8"?>
<!-- Generated by org.testng.reporters.JUnitReportReporter -->
<testsuite hostname="QT-UK-LT0998" failures="0" tests="2" name="com.qualitest.sjumbe.checkboxespagetests.CheckboxesTests" time="8.242" errors="0" timestamp="2022-04-21T13:26:27 BST" skipped="0">
  <testcase classname="com.qualitest.sjumbe.checkboxespagetests.CheckboxesTests" name="selectingTwoCheckboxesTest" time="4.098"/>
  <system-out/>
  <testcase classname="com.qualitest.sjumbe.checkboxespagetests.CheckboxesTests" name="selectingTwoCheckboxesTest" time="4.144"/>
  <system-out/>
</testsuite> <!-- com.qualitest.sjumbe.checkboxespagetests.CheckboxesTests -->
