<?xml version="1.0" encoding="UTF-8"?>
<!-- Generated by org.testng.reporters.JUnitReportReporter -->
<testsuite hostname="QT-UK-LT0998" failures="0" tests="5" name="com.qualitest.sjumbe.loginpagetests.NegativeLoginTests" time="18.619" errors="0" timestamp="2022-04-21T09:04:53 BST" skipped="0">
  <testcase classname="com.qualitest.sjumbe.loginpagetests.NegativeLoginTests" name="negativeLogInTest" time="3.457"/>
  <system-out/>
  <testcase classname="com.qualitest.sjumbe.loginpagetests.NegativeLoginTests" name="negativeLogInTest" time="3.606"/>
  <system-out/>
  <testcase classname="com.qualitest.sjumbe.loginpagetests.NegativeLoginTests" name="negativeLogInTest" time="3.801"/>
  <system-out/>
  <testcase classname="com.qualitest.sjumbe.loginpagetests.NegativeLoginTests" name="negativeLogInTest" time="3.528"/>
  <system-out/>
  <testcase classname="com.qualitest.sjumbe.loginpagetests.NegativeLoginTests" name="negativeLogInTest" time="4.227"/>
  <system-out/>
</testsuite> <!-- com.qualitest.sjumbe.loginpagetests.NegativeLoginTests -->
