<?xml version="1.0" encoding="UTF-8"?>
<!-- Generated by org.testng.reporters.JUnitReportReporter -->
<testsuite hostname="QT-UK-LT0998" failures="0" tests="1" name="com.qualitest.sjumbe.multiplewindowstests.MultipleWindowsTests" time="131.339" errors="0" timestamp="2022-04-20T15:57:03 BST" skipped="0">
  <testcase classname="com.qualitest.sjumbe.multiplewindowstests.MultipleWindowsTests" name="multipleWindownsTest" time="131.339"/>
  <system-out/>
</testsuite> <!-- com.qualitest.sjumbe.multiplewindowstests.MultipleWindowsTests -->
