<?xml version="1.0" encoding="UTF-8"?>
<!-- Generated by org.testng.reporters.JUnitReportReporter -->
<testsuite hostname="QT-UK-LT0998" failures="0" tests="1" name="com.qualitest.sjumbe.horizontalsliderstests.HorizontalSlidersTests" time="9.345" errors="0" timestamp="2022-04-20T15:53:47 BST" skipped="0">
  <testcase classname="com.qualitest.sjumbe.horizontalsliderstests.HorizontalSlidersTests" name="sliderTest" time="9.345"/>
  <system-out/>
</testsuite> <!-- com.qualitest.sjumbe.horizontalsliderstests.HorizontalSlidersTests -->
