<?xml version="1.0" encoding="UTF-8"?>
<!-- Generated by org.testng.reporters.JUnitReportReporter -->
<testsuite hostname="QT-UK-LT0998" failures="0" tests="1" name="com.qualitest.sjumbe.loginpagetests.PositiveLoginTests" time="10.893" errors="0" timestamp="2022-04-21T12:05:37 BST" skipped="0">
  <testcase classname="com.qualitest.sjumbe.loginpagetests.PositiveLoginTests" name="positiveLoginTest" time="10.893"/>
  <system-out/>
</testsuite> <!-- com.qualitest.sjumbe.loginpagetests.PositiveLoginTests -->
